<?xml version="1.0" encoding="UTF-8"?>
<testng-results ignored="0" total="1" passed="1" failed="0" skipped="0">
  <reporter-output>
  </reporter-output>
  <suite started-at="2023-04-01T06:56:54 IST" name="Suite" finished-at="2023-04-01T06:57:28 IST" duration-ms="33846">
    <groups>
    </groups>
    <test started-at="2023-04-01T06:56:54 IST" name="Test" finished-at="2023-04-01T06:57:28 IST" duration-ms="33846">
      <class name="AddDragNDropNewProject.E5SolarLadderTC">
        <test-method is-config="true" signature="openBrowser()[pri:0, instance:AddDragNDropNewProject.E5SolarLadderTC@6253c26]" started-at="2023-04-01T06:56:55 IST" name="openBrowser" finished-at="2023-04-01T06:57:01 IST" duration-ms="6411" status="PASS">
          <reporter-output>
          </reporter-output>
        </test-method> <!-- openBrowser -->
        <test-method is-config="true" signature="loginToApp()[pri:0, instance:AddDragNDropNewProject.E5SolarLadderTC@6253c26]" started-at="2023-04-01T06:57:01 IST" name="loginToApp" finished-at="2023-04-01T06:57:23 IST" duration-ms="21880" status="PASS">
          <reporter-output>
          </reporter-output>
        </test-method> <!-- loginToApp -->
        <test-method signature="DragDropProject()[pri:0, instance:AddDragNDropNewProject.E5SolarLadderTC@6253c26]" started-at="2023-04-01T06:57:23 IST" name="DragDropProject" finished-at="2023-04-01T06:57:28 IST" duration-ms="5517" status="PASS">
          <reporter-output>
          </reporter-output>
        </test-method> <!-- DragDropProject -->
        <test-method is-config="true" signature="logoutFromApp()[pri:0, instance:AddDragNDropNewProject.E5SolarLadderTC@6253c26]" started-at="2023-04-01T06:57:28 IST" name="logoutFromApp" finished-at="2023-04-01T06:57:28 IST" duration-ms="1" status="PASS">
          <reporter-output>
          </reporter-output>
        </test-method> <!-- logoutFromApp -->
        <test-method is-config="true" signature="closeBrowser()[pri:0, instance:AddDragNDropNewProject.E5SolarLadderTC@6253c26]" started-at="2023-04-01T06:57:28 IST" name="closeBrowser" finished-at="2023-04-01T06:57:28 IST" duration-ms="0" status="PASS">
          <reporter-output>
          </reporter-output>
        </test-method> <!-- closeBrowser -->
      </class> <!-- AddDragNDropNewProject.E5SolarLadderTC -->
    </test> <!-- Test -->
  </suite> <!-- Suite -->
</testng-results>
