<?xml version="1.0" encoding="UTF-8"?>
<testng-results ignored="0" total="1" passed="1" failed="0" skipped="0">
  <reporter-output>
  </reporter-output>
  <suite started-at="2023-04-29T09:05:14 IST" name="Suite" finished-at="2023-04-29T09:06:01 IST" duration-ms="46785">
    <groups>
    </groups>
    <test started-at="2023-04-29T09:05:14 IST" name="Test" finished-at="2023-04-29T09:06:01 IST" duration-ms="46785">
      <class name="AddDragNDropNewProject.E5SolarLadderTC">
        <test-method is-config="true" signature="openBrowser()[pri:0, instance:AddDragNDropNewProject.E5SolarLadderTC@61001b64]" started-at="2023-04-29T09:05:14 IST" name="openBrowser" finished-at="2023-04-29T09:05:28 IST" duration-ms="13773" status="PASS">
          <reporter-output>
          </reporter-output>
        </test-method> <!-- openBrowser -->
        <test-method is-config="true" signature="loginToApp()[pri:0, instance:AddDragNDropNewProject.E5SolarLadderTC@61001b64]" started-at="2023-04-29T09:05:28 IST" name="loginToApp" finished-at="2023-04-29T09:05:50 IST" duration-ms="22170" status="PASS">
          <reporter-output>
          </reporter-output>
        </test-method> <!-- loginToApp -->
        <test-method signature="DragDropProject()[pri:0, instance:AddDragNDropNewProject.E5SolarLadderTC@61001b64]" started-at="2023-04-29T09:05:50 IST" name="DragDropProject" finished-at="2023-04-29T09:06:01 IST" duration-ms="10566" status="PASS">
          <reporter-output>
          </reporter-output>
        </test-method> <!-- DragDropProject -->
        <test-method is-config="true" signature="logoutFromApp(org.testng.ITestResult)[pri:0, instance:AddDragNDropNewProject.E5SolarLadderTC@61001b64]" started-at="2023-04-29T09:06:01 IST" name="logoutFromApp" finished-at="2023-04-29T09:06:01 IST" duration-ms="224" status="PASS">
          <params>
            <param index="0">
              <value>
                <![CDATA[[TestResult name=DragDropProject status=SUCCESS method=E5SolarLadderTC.DragDropProject()[pri:0, instance:AddDragNDropNewProject.E5SolarLadderTC@61001b64] output={null}]]]>
              </value>
            </param>
          </params>
          <reporter-output>
          </reporter-output>
        </test-method> <!-- logoutFromApp -->
        <test-method is-config="true" signature="closeBrowser()[pri:0, instance:AddDragNDropNewProject.E5SolarLadderTC@61001b64]" started-at="2023-04-29T09:06:01 IST" name="closeBrowser" finished-at="2023-04-29T09:06:01 IST" duration-ms="0" status="PASS">
          <reporter-output>
          </reporter-output>
        </test-method> <!-- closeBrowser -->
      </class> <!-- AddDragNDropNewProject.E5SolarLadderTC -->
    </test> <!-- Test -->
  </suite> <!-- Suite -->
</testng-results>
